Arguments: 
  /data/data/com.termux/files/usr/bin/node /data/data/com.termux/files/usr/share/yarn/bin/yarn.js

PATH: 
  /data/data/com.termux/files/usr/bin

Yarn version: 
  1.22.19

Node version: 
  18.12.1

Platform: 
  android arm

Trace: 
  Error: ENOENT: no such file or directory, copyfile '/data/data/com.termux/files/home/.cache/yarn/v6/npm-mathjs-11.5.0-5cacad7affa2c804ad3f09efa5d53f0ffcb79493-integrity/node_modules/mathjs/lib/esm/function/statistics/utils/improveErrorMessage.js' -> '/storage/emulated/0/scan/node_modules/mathjs/lib/esm/function/statistics/utils/improveErrorMessage.js'

npm manifest: 
  {
  "name": "haikal-hw",
  "version": "3.0.0",
  "description": "WhatsApp Using Lib Baileys Multi Device",
  "main": "kalgans.js",
  "type": "commonjs",
  "scripts": {
  "start": "node kalgans.js"
  },
  "keywords": [
  "termux",
  "whatsapp",
  "2021",
  "wabase-md",
  "base",
  "baileys-md",
  "bot",
  "bot-md",
  "multi-device"
  ],
  "author": "Haikal Hw.",
  "license": "MIT",
  "dependencies": {
  "@adiwajshing/baileys": "github:zeeone-ofc/baileys",
  "@adiwajshing/keyed-db": "^0.2.4",
  "awesome-phonenumber": "^4.0.0",
  "@ffmpeg-installer/ffmpeg": "^1.1.0",
  "axios": "^1.2.0",
  "chalk": "^4.1.2",
  "steno": "^3.0.0",
  "textfile": "^1.2.0",
  "pm2": "^5.2.2",
  "cheerio": "^1.0.0-rc.12",
  "child_process": "^1.0.2",
  "python": "^0.0.4",
  "form-data": "^4.0.0",
  "libsignal": "^2.0.1",
  "socket.io": "^4.5.4",
  "lodash": "4.17.21",
  "crypto-js": "^4.1.1",
  "file-type": "^16.5.3",
  "caliph-api": "^0.9.5",
  "fluent-ffmpeg": "^2.1.2",
  "jsdom": "^20.0.3",
  "jimp": "^0.16.2",
  "fs": "^0.0.1-security",
  "got": "^12.5.3",
  "g-i-s": "^2.1.6",
  "human-readable": "^0.2.1",
  "lowdb": "^5.0.5",
  "mongoose": "^6.7.5",
  "moment-timezone": "^0.5.39",
  "node-cron": "^3.0.2",
  "node-fetch": "^3.3.0",
  "node-webpmux": "^3.1.3",
  "os": "^0.1.2",
  "path": "^0.12.7",
  "mathjs": "^11.4.0",
  "kawaii-kitsune": "^1.0.2",
  "perf_hooks": "0.0.1",
  "pino": "^8.7.0",
  "qrcode-terminal": "^0.12.0",
  "request": "^2.88.2",
  "scrape-primbon": "^1.1.0",
  "util": "^0.12.5",
  "yargs": "^17.6.2",
  "dhn-api": "^1.1.3",
  "xfarr-api": "^1.0.2",
  "yt-search": "^2.10.2"
  },
  "directories": {
  "lib": "lib",
  "src": "src"
  },
  "devDependencies": {},
  "repository": {
  "type": "git",
  "url": "git+https://github.com/HW-XMTeam/INI-KERASA.git"
  },
  "bugs": {
  "url": "https://github.com/HW-XMTeam/INI-KERASA/issues"
  },
  "homepage": "https://github.com/HW-XMTeam#readme"
  }

yarn manifest: 
  No manifest

Lockfile: 
  No lockfile
